<?xml version="1.0" encoding="UTF-8"?>
<!-- Generated by org.testng.reporters.JUnitXMLReporter -->
<testsuite ignored="2" hostname="Sahil-Dell" failures="0" tests="2" name="Default test" time="17.858" errors="0" timestamp="2021-06-08T12:50:08 IST">
  <testcase classname="com.cyient.test.LoginTest" name="invalidCredentialTest" time="1.315"/>
  <testcase classname="com.cyient.test.LoginTest" name="invalidCredentialTest" time="1.281"/>
  <testcase classname="com.cyient.test.LoginTest" name="validCredentialTest" time="0.0">
    <ignored/>
  </testcase> <!-- validCredentialTest -->
  <testcase classname="com.cyient.test.LoginTest" name="validateUIComponentTest" time="0.0">
    <ignored/>
  </testcase> <!-- validateUIComponentTest -->
</testsuite> <!-- Default test -->
