<?xml version="1.0" encoding="UTF-8"?>
<!-- Generated by org.testng.reporters.JUnitXMLReporter -->
<testsuite ignored="2" hostname="Sahil-Dell" failures="0" tests="2" name="Default test" time="22.947" errors="0" timestamp="2021-06-09T12:09:59 IST">
  <testcase classname="com.cyient.test.LoginTest" name="validCredentialTest" time="4.405"/>
  <testcase classname="com.cyient.test.LoginTest" name="validCredentialTest" time="4.817"/>
  <testcase classname="com.cyient.test.LoginTest" name="validateUIComponentTest" time="0.0">
    <ignored/>
  </testcase> <!-- validateUIComponentTest -->
  <testcase classname="com.cyient.test.LoginTest" name="invalidCredentialTest" time="0.0">
    <ignored/>
  </testcase> <!-- invalidCredentialTest -->
</testsuite> <!-- Default test -->
