<?xml version="1.0" encoding="UTF-8"?>
<testng-results ignored="2" total="4" passed="2" failed="0" skipped="0">
  <reporter-output>
  </reporter-output>
  <suite started-at="2021-06-09T12:09:37 IST" name="Default suite" finished-at="2021-06-09T12:09:59 IST" duration-ms="22947">
    <groups>
    </groups>
    <test started-at="2021-06-09T12:09:37 IST" name="Default test" finished-at="2021-06-09T12:09:59 IST" duration-ms="22947">
      <class name="com.cyient.test.LoginTest">
        <test-method is-config="true" signature="setUp()[pri:0, instance:com.cyient.test.LoginTest@4229bb3f]" started-at="2021-06-09T12:09:37 IST" name="setUp" finished-at="2021-06-09T12:09:43 IST" duration-ms="6068" status="PASS">
          <reporter-output>
          </reporter-output>
        </test-method> <!-- setUp -->
        <test-method signature="validCredentialTest(java.lang.String,java.lang.String,java.lang.String,java.lang.String)[pri:0, instance:com.cyient.test.LoginTest@4229bb3f]" started-at="2021-06-09T12:09:43 IST" name="validCredentialTest" data-provider="validCredentialExcelData" finished-at="2021-06-09T12:09:48 IST" duration-ms="4405" status="PASS">
          <params>
            <param index="0">
              <value>
                <![CDATA[admin]]>
              </value>
            </param>
            <param index="1">
              <value>
                <![CDATA[pass]]>
              </value>
            </param>
            <param index="2">
              <value>
                <![CDATA[English (Indian)]]>
              </value>
            </param>
            <param index="3">
              <value>
                <![CDATA[OpenEMR]]>
              </value>
            </param>
          </params>
          <reporter-output>
          </reporter-output>
        </test-method> <!-- validCredentialTest -->
        <test-method is-config="true" signature="teardown()[pri:0, instance:com.cyient.test.LoginTest@4229bb3f]" started-at="2021-06-09T12:09:48 IST" name="teardown" finished-at="2021-06-09T12:09:49 IST" duration-ms="730" status="PASS">
          <reporter-output>
          </reporter-output>
        </test-method> <!-- teardown -->
        <test-method is-config="true" signature="setUp()[pri:0, instance:com.cyient.test.LoginTest@4229bb3f]" started-at="2021-06-09T12:09:49 IST" name="setUp" finished-at="2021-06-09T12:09:54 IST" duration-ms="5282" status="PASS">
          <reporter-output>
          </reporter-output>
        </test-method> <!-- setUp -->
        <test-method signature="validCredentialTest(java.lang.String,java.lang.String,java.lang.String,java.lang.String)[pri:0, instance:com.cyient.test.LoginTest@4229bb3f]" started-at="2021-06-09T12:09:54 IST" name="validCredentialTest" data-provider="validCredentialExcelData" finished-at="2021-06-09T12:09:59 IST" duration-ms="4817" status="PASS">
          <params>
            <param index="0">
              <value>
                <![CDATA[accountant]]>
              </value>
            </param>
            <param index="1">
              <value>
                <![CDATA[accountant]]>
              </value>
            </param>
            <param index="2">
              <value>
                <![CDATA[English (Indian)]]>
              </value>
            </param>
            <param index="3">
              <value>
                <![CDATA[OpenEMR]]>
              </value>
            </param>
          </params>
          <reporter-output>
          </reporter-output>
        </test-method> <!-- validCredentialTest -->
        <test-method is-config="true" signature="teardown()[pri:0, instance:com.cyient.test.LoginTest@4229bb3f]" started-at="2021-06-09T12:09:59 IST" name="teardown" finished-at="2021-06-09T12:09:59 IST" duration-ms="709" status="PASS">
          <reporter-output>
          </reporter-output>
        </test-method> <!-- teardown -->
      </class> <!-- com.cyient.test.LoginTest -->
    </test> <!-- Default test -->
  </suite> <!-- Default suite -->
</testng-results>
