<?xml version="1.0" encoding="UTF-8"?>
<testng-results ignored="2" total="4" passed="2" failed="0" skipped="0">
  <reporter-output>
  </reporter-output>
  <suite started-at="2021-06-08T12:49:50 IST" name="Default suite" finished-at="2021-06-08T12:50:08 IST" duration-ms="17858">
    <groups>
    </groups>
    <test started-at="2021-06-08T12:49:50 IST" name="Default test" finished-at="2021-06-08T12:50:08 IST" duration-ms="17858">
      <class name="com.cyient.test.LoginTest">
        <test-method is-config="true" signature="setUp()[pri:0, instance:com.cyient.test.LoginTest@5fd4f8f5]" started-at="2021-06-08T12:49:51 IST" name="setUp" finished-at="2021-06-08T12:49:58 IST" duration-ms="7409" status="PASS">
          <reporter-output>
          </reporter-output>
        </test-method> <!-- setUp -->
        <test-method signature="invalidCredentialTest(java.lang.String,java.lang.String,java.lang.String,java.lang.String)[pri:0, instance:com.cyient.test.LoginTest@5fd4f8f5]" started-at="2021-06-08T12:49:58 IST" name="invalidCredentialTest" data-provider="inValidCredentialData" finished-at="2021-06-08T12:49:59 IST" duration-ms="1315" status="PASS">
          <params>
            <param index="0">
              <value>
                <![CDATA[john]]>
              </value>
            </param>
            <param index="1">
              <value>
                <![CDATA[john123]]>
              </value>
            </param>
            <param index="2">
              <value>
                <![CDATA[Dutch]]>
              </value>
            </param>
            <param index="3">
              <value>
                <![CDATA[Invalid username or password]]>
              </value>
            </param>
          </params>
          <reporter-output>
          </reporter-output>
        </test-method> <!-- invalidCredentialTest -->
        <test-method is-config="true" signature="teardown()[pri:0, instance:com.cyient.test.LoginTest@5fd4f8f5]" started-at="2021-06-08T12:49:59 IST" name="teardown" finished-at="2021-06-08T12:50:00 IST" duration-ms="654" status="PASS">
          <reporter-output>
          </reporter-output>
        </test-method> <!-- teardown -->
        <test-method is-config="true" signature="setUp()[pri:0, instance:com.cyient.test.LoginTest@5fd4f8f5]" started-at="2021-06-08T12:50:00 IST" name="setUp" finished-at="2021-06-08T12:50:06 IST" duration-ms="6471" status="PASS">
          <reporter-output>
          </reporter-output>
        </test-method> <!-- setUp -->
        <test-method signature="invalidCredentialTest(java.lang.String,java.lang.String,java.lang.String,java.lang.String)[pri:0, instance:com.cyient.test.LoginTest@5fd4f8f5]" started-at="2021-06-08T12:50:06 IST" name="invalidCredentialTest" data-provider="inValidCredentialData" finished-at="2021-06-08T12:50:08 IST" duration-ms="1281" status="PASS">
          <params>
            <param index="0">
              <value>
                <![CDATA[peter]]>
              </value>
            </param>
            <param index="1">
              <value>
                <![CDATA[peter123]]>
              </value>
            </param>
            <param index="2">
              <value>
                <![CDATA[Dutch]]>
              </value>
            </param>
            <param index="3">
              <value>
                <![CDATA[Invalid username or password]]>
              </value>
            </param>
          </params>
          <reporter-output>
          </reporter-output>
        </test-method> <!-- invalidCredentialTest -->
        <test-method is-config="true" signature="teardown()[pri:0, instance:com.cyient.test.LoginTest@5fd4f8f5]" started-at="2021-06-08T12:50:08 IST" name="teardown" finished-at="2021-06-08T12:50:08 IST" duration-ms="655" status="PASS">
          <reporter-output>
          </reporter-output>
        </test-method> <!-- teardown -->
      </class> <!-- com.cyient.test.LoginTest -->
    </test> <!-- Default test -->
  </suite> <!-- Default suite -->
</testng-results>
